# JRE version: Java(TM) SE Runtime Environment (13.0.1+9) (build 13.0.1+9)
# Java VM: Java HotSpot(TM) 64-Bit Server VM (13.0.1+9, mixed mode, sharing, tiered, compressed oops, g1 gc, windows-amd64)
Heap:
 garbage-first heap   total 131072K, used 81629K [0x0000000081c00000, 0x0000000100000000)
  region size 1024K, 73 young (74752K), 4 survivors (4096K)
 Metaspace       used 15245K, capacity 15588K, committed 15744K, reserved 1062912K
  class space    used 1702K, capacity 1872K, committed 1920K, reserved 1048576K
GC Heap History (14 events):
Event: 18.001 GC heap before
{Heap before GC invocations=0 (full 0):
 garbage-first heap   total 131072K, used 29696K [0x0000000081c00000, 0x0000000100000000)
  region size 1024K, 24 young (24576K), 0 survivors (0K)
 Metaspace       used 14950K, capacity 15291K, committed 15488K, reserved 1062912K
  class space    used 1693K, capacity 1838K, committed 1920K, reserved 1048576K
}
Event: 18.009 GC heap after
{Heap after GC invocations=1 (full 0):
 garbage-first heap   total 131072K, used 10544K [0x0000000081c00000, 0x0000000100000000)
  region size 1024K, 3 young (3072K), 3 survivors (3072K)
 Metaspace       used 14950K, capacity 15291K, committed 15488K, reserved 1062912K
  class space    used 1693K, capacity 1838K, committed 1920K, reserved 1048576K
}
Event: 19.591 GC heap before
{Heap before GC invocations=1 (full 0):
 garbage-first heap   total 131072K, used 85296K [0x0000000081c00000, 0x0000000100000000)
  region size 1024K, 76 young (77824K), 3 survivors (3072K)
 Metaspace       used 15047K, capacity 15355K, committed 15488K, reserved 1062912K
  class space    used 1695K, capacity 1838K, committed 1920K, reserved 1048576K
}
Event: 19.596 GC heap after
{Heap after GC invocations=2 (full 0):
 garbage-first heap   total 131072K, used 10845K [0x0000000081c00000, 0x0000000100000000)
  region size 1024K, 4 young (4096K), 4 survivors (4096K)
 Metaspace       used 15047K, capacity 15355K, committed 15488K, reserved 1062912K
  class space    used 1695K, capacity 1838K, committed 1920K, reserved 1048576K
}
Event: 19.679 GC heap before
{Heap before GC invocations=2 (full 0):
 garbage-first heap   total 131072K, used 84573K [0x0000000081c00000, 0x0000000100000000)
  region size 1024K, 76 young (77824K), 4 survivors (4096K)
 Metaspace       used 15047K, capacity 15355K, committed 15488K, reserved 1062912K
  class space    used 1695K, capacity 1838K, committed 1920K, reserved 1048576K
}
Event: 19.683 GC heap after
{Heap after GC invocations=3 (full 0):
 garbage-first heap   total 131072K, used 10840K [0x0000000081c00000, 0x0000000100000000)
  region size 1024K, 4 young (4096K), 4 survivors (4096K)
 Metaspace       used 15047K, capacity 15355K, committed 15488K, reserved 1062912K
  class space    used 1695K, capacity 1838K, committed 1920K, reserved 1048576K
}
Event: 20.758 GC heap before
{Heap before GC invocations=3 (full 0):
 garbage-first heap   total 131072K, used 84568K [0x0000000081c00000, 0x0000000100000000)
  region size 1024K, 76 young (77824K), 4 survivors (4096K)
 Metaspace       used 15090K, capacity 15428K, committed 15744K, reserved 1062912K
  class space    used 1696K, capacity 1840K, committed 1920K, reserved 1048576K
}
Event: 20.783 GC heap after
{Heap after GC invocations=4 (full 0):
 garbage-first heap   total 131072K, used 10947K [0x0000000081c00000, 0x0000000100000000)
  region size 1024K, 4 young (4096K), 4 survivors (4096K)
 Metaspace       used 15090K, capacity 15428K, committed 15744K, reserved 1062912K
  class space    used 1696K, capacity 1840K, committed 1920K, reserved 1048576K
}
Event: 21.764 GC heap before
{Heap before GC invocations=4 (full 0):
 garbage-first heap   total 131072K, used 84675K [0x0000000081c00000, 0x0000000100000000)
  region size 1024K, 76 young (77824K), 4 survivors (4096K)
 Metaspace       used 15107K, capacity 15428K, committed 15744K, reserved 1062912K
  class space    used 1696K, capacity 1840K, committed 1920K, reserved 1048576K
}
Event: 21.768 GC heap after
{Heap after GC invocations=5 (full 0):
 garbage-first heap   total 131072K, used 11030K [0x0000000081c00000, 0x0000000100000000)
  region size 1024K, 4 young (4096K), 4 survivors (4096K)
 Metaspace       used 15107K, capacity 15428K, committed 15744K, reserved 1062912K
  class space    used 1696K, capacity 1840K, committed 1920K, reserved 1048576K
}
Event: 21.855 GC heap before
{Heap before GC invocations=5 (full 0):
 garbage-first heap   total 131072K, used 84758K [0x0000000081c00000, 0x0000000100000000)
  region size 1024K, 76 young (77824K), 4 survivors (4096K)
 Metaspace       used 15107K, capacity 15428K, committed 15744K, reserved 1062912K
  class space    used 1696K, capacity 1840K, committed 1920K, reserved 1048576K
}
Event: 21.859 GC heap after
{Heap after GC invocations=6 (full 0):
 garbage-first heap   total 131072K, used 11070K [0x0000000081c00000, 0x0000000100000000)
  region size 1024K, 4 young (4096K), 4 survivors (4096K)
 Metaspace       used 15107K, capacity 15428K, committed 15744K, reserved 1062912K
  class space    used 1696K, capacity 1840K, committed 1920K, reserved 1048576K
}
Event: 21.933 GC heap before
{Heap before GC invocations=6 (full 0):
 garbage-first heap   total 131072K, used 84798K [0x0000000081c00000, 0x0000000100000000)
  region size 1024K, 76 young (77824K), 4 survivors (4096K)
 Metaspace       used 15107K, capacity 15428K, committed 15744K, reserved 1062912K
  class space    used 1696K, capacity 1840K, committed 1920K, reserved 1048576K
}
Event: 21.937 GC heap after
{Heap after GC invocations=7 (full 0):
 garbage-first heap   total 131072K, used 10973K [0x0000000081c00000, 0x0000000100000000)
  region size 1024K, 4 young (4096K), 4 survivors (4096K)
 Metaspace       used 15107K, capacity 15428K, committed 15744K, reserved 1062912K
  class space    used 1696K, capacity 1840K, committed 1920K, reserved 1048576K
}

